<?xml version="1.0" encoding="UTF-8"?>
<!-- Generated by org.testng.reporters.JUnitReportReporter -->
<testsuite skipped="0" hostname="Priya-PC" name="termQuote.Test_1" tests="1" failures="0" timestamp="09 Jan 2019 21:17:51 GMT" time="129.876" errors="0">
  <testcase name="logintest" time="129.876" classname="termQuote.Test_1"/>
</testsuite> <!-- termQuote.Test_1 -->
